<?xml version="1.0" encoding="UTF-8"?>
<testsuite xmlns:xsi="http://www.w3.org/2001/XMLSchema-instance" xsi:noNamespaceSchemaLocation="https://maven.apache.org/surefire/maven-surefire-plugin/xsd/surefire-test-report.xsd" name="TestSuite" time="29.369" tests="2" errors="0" skipped="0" failures="1">
  <properties>
[...]
</properties>
  <testcase name="TC001_Navigate_Google_Home" classname="Tests.google.testing.uitesting" time="6.992">
    <failure message="Mulitple failures (2):&#10;Failure 1 of 2&#10;java.lang.AssertionError: expected [This is testing] but found []&#10;	at org.testng.Assert.fail(Assert.java:94)&#10;	at org.testng.Assert.failNotEquals(Assert.java:494)&#10;	at org.testng.Assert.assertEquals(Assert.java:123)&#10;	at org.testng.Assert.assertEquals(Assert.java:165)&#10;	at com.sss.selenium.IFrameworkAssert.verifyEquals(IFrameworkAssert.java:53)&#10;	at com.sss.selenium.IFrameworkAssert.verifyEquals(IFrameworkAssert.java:66)&#10;	at Tests.google.testing.uitesting.TC001_Navigate_Google_Home(uitesting.java:26)&#10;	at sun.reflect.NativeMethodAccessorImpl.invoke0(Native Method)&#10;	at sun.reflect.NativeMethodAccessorImpl.invoke(NativeMethodAccessorImpl.java:62)&#10;	at sun.reflect.DelegatingMethodAccessorImpl.invoke(DelegatingMethodAccessorImpl.java:43)&#10;	at java.lang.reflect.Method.invoke(Method.java:498)&#10;	at org.testng.internal.MethodInvocationHelper.invokeMethod(MethodInvocationHelper.java:80)&#10;	at org.testng.internal.Invoker.invokeMethod(Invoker.java:714)&#10;	at org.testng.internal.Invoker.invokeTestMethod(Invoker.java:901)&#10;	at org.testng.internal.Invoker.invokeTestMethods(Invoker.java:1231)&#10;	at org.testng.internal.TestMethodWorker.invokeTestMethods(TestMethodWorker.java:127)&#10;	at org.testng.internal.TestMethodWorker.run(TestMethodWorker.java:111)&#10;	at org.testng.TestRunner.privateRun(TestRunner.java:767)&#10;	at org.testng.TestRunner.run(TestRunner.java:617)&#10;	at org.testng.SuiteRunner.runTest(SuiteRunner.java:334)&#10;	at org.testng.SuiteRunner.access$000(SuiteRunner.java:37)&#10;	at org.testng.SuiteRunner$SuiteWorker.run(SuiteRunner.java:368)&#10;	at org.testng.internal.thread.ThreadUtil$2.call(ThreadUtil.java:64)&#10;	at java.util.concurrent.FutureTask.run(FutureTask.java:266)&#10;	at java.util.concurrent.ThreadPoolExecutor.runWorker(ThreadPoolExecutor.java:1142)&#10;	at java.util.concurrent.ThreadPoolExecutor$Worker.run(ThreadPoolExecutor.java:617)&#10;	at java.lang.Thread.run(Thread.java:745)&#10;&#10;Failure 2 of 2&#10;java.lang.AssertionError: expected [This is testing] but found []" type="java.lang.Throwable">java.lang.Throwable: 
Mulitple failures (2):
Failure 1 of 2
java.lang.AssertionError: expected [This is testing] but found []
	at org.testng.Assert.fail(Assert.java:94)
	at org.testng.Assert.failNotEquals(Assert.java:494)
	at org.testng.Assert.assertEquals(Assert.java:123)
	at org.testng.Assert.assertEquals(Assert.java:165)
	at com.sss.selenium.IFrameworkAssert.verifyEquals(IFrameworkAssert.java:53)
	at com.sss.selenium.IFrameworkAssert.verifyEquals(IFrameworkAssert.java:66)
	at Tests.google.testing.uitesting.TC001_Navigate_Google_Home(uitesting.java:26)
	at sun.reflect.NativeMethodAccessorImpl.invoke0(Native Method)
	at sun.reflect.NativeMethodAccessorImpl.invoke(NativeMethodAccessorImpl.java:62)
	at sun.reflect.DelegatingMethodAccessorImpl.invoke(DelegatingMethodAccessorImpl.java:43)
	at java.lang.reflect.Method.invoke(Method.java:498)
	at org.testng.internal.MethodInvocationHelper.invokeMethod(MethodInvocationHelper.java:80)
	at org.testng.internal.Invoker.invokeMethod(Invoker.java:714)
	at org.testng.internal.Invoker.invokeTestMethod(Invoker.java:901)
	at org.testng.internal.Invoker.invokeTestMethods(Invoker.java:1231)
	at org.testng.internal.TestMethodWorker.invokeTestMethods(TestMethodWorker.java:127)
	at org.testng.internal.TestMethodWorker.run(TestMethodWorker.java:111)
	at org.testng.TestRunner.privateRun(TestRunner.java:767)
	at org.testng.TestRunner.run(TestRunner.java:617)
	at org.testng.SuiteRunner.runTest(SuiteRunner.java:334)
	at org.testng.SuiteRunner.access$000(SuiteRunner.java:37)
	at org.testng.SuiteRunner$SuiteWorker.run(SuiteRunner.java:368)
	at org.testng.internal.thread.ThreadUtil$2.call(ThreadUtil.java:64)
	at java.util.concurrent.FutureTask.run(FutureTask.java:266)
	at java.util.concurrent.ThreadPoolExecutor.runWorker(ThreadPoolExecutor.java:1142)
	at java.util.concurrent.ThreadPoolExecutor$Worker.run(ThreadPoolExecutor.java:617)
	at java.lang.Thread.run(Thread.java:745)

Failure 2 of 2
java.lang.AssertionError: expected [This is testing] but found []
	at Tests.google.testing.uitesting.TC001_Navigate_Google_Home(uitesting.java:26)
</failure>
    <system-out><![CDATA[Test[Selenium - TestNG - Chrome on PC] - thread[12] 
Created IFrameworkDriver object[1353176376] - on thread[12] 
Test[Selenium - TestNG - Chrome on PC] - thread[12] 
Created IFrameworkDriver object[935701809] - on thread[12] 
*** Chrome driver is NULL
[info] Chrome driver is created.
>>> click: webElement: true
>>>>> clickByJS
]]></system-out>
    <system-err><![CDATA[Starting ChromeDriver 2.30.477690 (c53f4ad87510ee97b5c3425a14c0e79780cdf262) on port 6339
Only local connections are allowed.
Jul 19, 2017 4:49:12 PM org.openqa.selenium.remote.ProtocolHandshake createSession
INFO: Attempting bi-dialect session, assuming Postel's Law holds true on the remote end
Jul 19, 2017 4:49:12 PM org.openqa.selenium.remote.ProtocolHandshake createSession
INFO: Detected dialect: OSS
click - error: element not visible
  (Session info: chrome=59.0.3071.109)
  (Driver info: chromedriver=2.30.477690 (c53f4ad87510ee97b5c3425a14c0e79780cdf262),platform=Mac OS X 10.12.5 x86_64) (WARNING: The server did not provide any stacktrace information)
Command duration or timeout: 32 milliseconds
Build info: version: '3.0.1', revision: '1969d75', time: '2016-10-18 09:49:13 -0700'
System info: host: 'ZoneV.local', ip: '169.254.91.69', os.name: 'Mac OS X', os.arch: 'x86_64', os.version: '10.12.5', java.version: '1.8.0_121'
Driver info: org.openqa.selenium.chrome.ChromeDriver
Capabilities [{applicationCacheEnabled=false, rotatable=false, mobileEmulationEnabled=false, networkConnectionEnabled=false, chrome={chromedriverVersion=2.30.477690 (c53f4ad87510ee97b5c3425a14c0e79780cdf262), userDataDir=/var/folders/gm/jbx5ww550y5f6zg2wvs9bqyc0000gp/T/.org.chromium.Chromium.0SEYW5}, takesHeapSnapshot=true, pageLoadStrategy=normal, databaseEnabled=false, handlesAlerts=true, hasTouchScreen=false, version=59.0.3071.109, platform=MAC, browserConnectionEnabled=false, nativeEvents=true, acceptSslCerts=true, locationContextEnabled=true, webStorageEnabled=true, browserName=chrome, takesScreenshot=true, javascriptEnabled=true, cssSelectorsEnabled=true, unexpectedAlertBehaviour=}]
Session ID: 96296ff22c66ad230d5e90c024a6fbbc
]]></system-err>
  </testcase>
  <testcase name="TC002_Checkk_button_Search" classname="Tests.google.testing.uitesting" time="0"/>
</testsuite>